2018-04-20 16:41:54 JakartaCommonsLoggingImpl.java DEBUG Logging initialized using 'org.mybatis.generator.logging.commons.JakartaCommonsLoggingLogFactory@16c0663d' adapter.
  2018-04-20 16:41:54 JakartaCommonsLoggingImpl.java DEBUG Retrieving column information for table "account"
  2018-04-20 16:41:54 JakartaCommonsLoggingImpl.java DEBUG Found column "accountid", data type 4, in table "books..account"
  2018-04-20 16:41:54 JakartaCommonsLoggingImpl.java DEBUG Found column "name", data type 12, in table "books..account"
  2018-04-20 16:41:54 JakartaCommonsLoggingImpl.java DEBUG Found column "remain", data type 4, in table "books..account"
  2018-04-28 10:38:27 JakartaCommonsLoggingImpl.java DEBUG Logging initialized using 'org.mybatis.generator.logging.commons.JakartaCommonsLoggingLogFactory@28f67ac7' adapter.
  2018-04-28 10:38:27 JakartaCommonsLoggingImpl.java DEBUG Retrieving column information for table "tb_class"
  2018-04-28 10:38:27 JakartaCommonsLoggingImpl.java DEBUG Found column "CLASSID", data type 4, in table "education..tb_class"
  2018-04-28 10:38:27 JakartaCommonsLoggingImpl.java DEBUG Found column "CLASSNAME", data type 12, in table "education..tb_class"
  2018-04-28 10:38:27 JakartaCommonsLoggingImpl.java DEBUG Found column "classTypeId", data type 4, in table "education..tb_class"
  2018-04-28 10:38:27 JakartaCommonsLoggingImpl.java DEBUG Found column "TEACHERID", data type 4, in table "education..tb_class"
  2018-04-28 10:38:27 JakartaCommonsLoggingImpl.java DEBUG Found column "CLASS_GUIDEID", data type 4, in table "education..tb_class"
  2018-04-28 10:38:27 JakartaCommonsLoggingImpl.java DEBUG Found column "JOB_GUIDEID", data type 4, in table "education..tb_class"
  2018-04-28 10:38:27 JakartaCommonsLoggingImpl.java DEBUG Found column "CreatedDate", data type 91, in table "education..tb_class"
  2018-04-28 10:38:27 JakartaCommonsLoggingImpl.java DEBUG Found column "EndDate", data type 91, in table "education..tb_class"
  2018-04-28 10:38:27 JakartaCommonsLoggingImpl.java DEBUG Found column "stateId", data type 4, in table "education..tb_class"
  2018-04-28 10:38:27 JakartaCommonsLoggingImpl.java DEBUG Found column "COMMENT", data type 12, in table "education..tb_class"
  2018-04-28 10:38:27 JakartaCommonsLoggingImpl.java DEBUG Retrieving column information for table "tb_student"
  2018-04-28 10:38:27 JakartaCommonsLoggingImpl.java DEBUG Found column "STUID", data type 4, in table "education..tb_student"
  2018-04-28 10:38:27 JakartaCommonsLoggingImpl.java DEBUG Found column "NAME", data type 12, in table "education..tb_student"
  2018-04-28 10:38:27 JakartaCommonsLoggingImpl.java DEBUG Found column "SEX", data type 12, in table "education..tb_student"
  2018-04-28 10:38:27 JakartaCommonsLoggingImpl.java DEBUG Found column "CLASSID", data type 4, in table "education..tb_student"
  2018-04-28 10:38:27 JakartaCommonsLoggingImpl.java DEBUG Found column "degreeid", data type 4, in table "education..tb_student"
  2018-04-28 10:38:27 JakartaCommonsLoggingImpl.java DEBUG Found column "teacherId", data type 4, in table "education..tb_student"
  2018-04-28 10:38:27 JakartaCommonsLoggingImpl.java DEBUG Found column "IDCARD", data type 12, in table "education..tb_student"
  2018-04-28 10:38:27 JakartaCommonsLoggingImpl.java DEBUG Found column "TEL", data type 12, in table "education..tb_student"
  2018-04-28 10:38:27 JakartaCommonsLoggingImpl.java DEBUG Found column "FTEL", data type 12, in table "education..tb_student"
  2018-04-28 10:38:27 JakartaCommonsLoggingImpl.java DEBUG Found column "MTEL", data type 12, in table "education..tb_student"
  2018-04-28 10:38:27 JakartaCommonsLoggingImpl.java DEBUG Found column "SCHOOLID", data type 4, in table "education..tb_student"
  2018-04-28 10:38:27 JakartaCommonsLoggingImpl.java DEBUG Found column "MAJOR", data type 12, in table "education..tb_student"
  2018-04-28 10:38:27 JakartaCommonsLoggingImpl.java DEBUG Found column "GRADE", data type 12, in table "education..tb_student"
  2018-04-28 10:38:27 JakartaCommonsLoggingImpl.java DEBUG Found column "CLASSGUIDEID", data type 4, in table "education..tb_student"
  2018-04-28 10:38:27 JakartaCommonsLoggingImpl.java DEBUG Found column "JOBGUIDEID", data type 4, in table "education..tb_student"
  2018-04-28 10:38:27 JakartaCommonsLoggingImpl.java DEBUG Found column "ADDRESS", data type 12, in table "education..tb_student"
  2018-04-28 10:38:27 JakartaCommonsLoggingImpl.java DEBUG Found column "INTENDCITY", data type 12, in table "education..tb_student"
  2018-04-28 10:38:27 JakartaCommonsLoggingImpl.java DEBUG Found column "WORKCITY", data type 12, in table "education..tb_student"
  2018-04-28 10:38:27 JakartaCommonsLoggingImpl.java DEBUG Found column "Company", data type 12, in table "education..tb_student"
  2018-04-28 10:38:27 JakartaCommonsLoggingImpl.java DEBUG Found column "JOB", data type 12, in table "education..tb_student"
  2018-04-28 10:38:27 JakartaCommonsLoggingImpl.java DEBUG Found column "endClassTime", data type 91, in table "education..tb_student"
  2018-04-28 10:38:27 JakartaCommonsLoggingImpl.java DEBUG Found column "WORKTIME", data type 91, in table "education..tb_student"
  2018-04-28 10:38:27 JakartaCommonsLoggingImpl.java DEBUG Found column "SALARY", data type 12, in table "education..tb_student"
  2018-04-28 10:38:27 JakartaCommonsLoggingImpl.java DEBUG Found column "SALARYOFYEAR", data type 4, in table "education..tb_student"
  2018-04-28 10:38:27 JakartaCommonsLoggingImpl.java DEBUG Found column "recommendTypeId", data type 4, in table "education..tb_student"
  2018-04-28 10:38:27 JakartaCommonsLoggingImpl.java DEBUG Found column "STATEID", data type 4, in table "education..tb_student"
  2018-04-28 10:38:27 JakartaCommonsLoggingImpl.java DEBUG Found column "COMMENT", data type 12, in table "education..tb_student"
  2018-04-28 10:38:27 JakartaCommonsLoggingImpl.java DEBUG Retrieving column information for table "tb_state"
  2018-04-28 10:38:27 JakartaCommonsLoggingImpl.java DEBUG Found column "STATEID", data type 4, in table "education..tb_state"
  2018-04-28 10:38:27 JakartaCommonsLoggingImpl.java DEBUG Found column "STATENAME", data type 12, in table "education..tb_state"
  2018-04-28 10:38:27 JakartaCommonsLoggingImpl.java DEBUG Found column "type", data type 4, in table "education..tb_state"
  2018-04-28 10:38:27 JakartaCommonsLoggingImpl.java DEBUG Found column "COMMENT", data type 12, in table "education..tb_state"
  2018-04-28 10:38:27 JakartaCommonsLoggingImpl.java DEBUG Retrieving column information for table "tb_teacher"
  2018-04-28 10:38:27 JakartaCommonsLoggingImpl.java DEBUG Found column "teacherId", data type 4, in table "education..tb_teacher"
  2018-04-28 10:38:27 JakartaCommonsLoggingImpl.java DEBUG Found column "name", data type 12, in table "education..tb_teacher"
  2018-04-28 10:38:27 JakartaCommonsLoggingImpl.java DEBUG Found column "teacherTypeId", data type 4, in table "education..tb_teacher"
  2018-04-28 10:38:27 JakartaCommonsLoggingImpl.java DEBUG Found column "state", data type 4, in table "education..tb_teacher"
  2018-04-28 10:38:27 JakartaCommonsLoggingImpl.java DEBUG Found column "comment", data type 12, in table "education..tb_teacher"
  2018-04-29 08:26:36 JakartaCommonsLoggingImpl.java DEBUG Logging initialized using 'org.mybatis.generator.logging.commons.JakartaCommonsLoggingLogFactory@28f67ac7' adapter.
  2018-04-29 08:26:36 JakartaCommonsLoggingImpl.java DEBUG Retrieving column information for table "tb_guide"
  2018-04-29 08:26:37 JakartaCommonsLoggingImpl.java DEBUG Found column "GUIDEID", data type 4, in table "education..tb_guide"
  2018-04-29 08:26:37 JakartaCommonsLoggingImpl.java DEBUG Found column "NAME", data type 12, in table "education..tb_guide"
  2018-04-29 08:26:37 JakartaCommonsLoggingImpl.java DEBUG Found column "TYPE", data type 4, in table "education..tb_guide"
  2018-04-29 08:26:37 JakartaCommonsLoggingImpl.java DEBUG Found column "state", data type 4, in table "education..tb_guide"
  2018-04-29 08:26:37 JakartaCommonsLoggingImpl.java DEBUG Found column "COMMENT", data type 12, in table "education..tb_guide"
  